#
# There is insufficient memory for the Java Runtime Environment to continue.
# Native memory allocation (malloc) failed to allocate 1048576 bytes for AllocateHeap
# Possible reasons:
#   The system is out of physical RAM or swap space
#   In 32 bit mode, the process size limit was hit
# Possible solutions:
#   Reduce memory load on the system
#   Increase physical memory or swap space
#   Check if swap backing store is full
#   Use 64 bit Java on a 64 bit OS
#   Decrease Java heap size (-Xmx/-Xms)
#   Decrease number of Java threads
#   Decrease Java thread stack sizes (-Xss)
#   Set larger code cache with -XX:ReservedCodeCacheSize=
# This output file may be truncated or incomplete.
#
#  Out of Memory Error (memory/allocation.inline.hpp:61), pid=25652, tid=0x0000000000007e24
#
# JRE version:  (8.0_111-b14) (build )
# Java VM: Java HotSpot(TM) 64-Bit Server VM (25.111-b14 mixed mode windows-amd64 compressed oops)
# Failed to write core dump. Minidumps are not enabled by default on client versions of Windows
#

---------------  T H R E A D  ---------------

Current thread (0x0000000002700800):  JavaThread "Unknown thread" [_thread_in_vm, id=32292, stack(0x0000000002600000,0x0000000002700000)]

Stack: [0x0000000002600000,0x0000000002700000]
[error occurred during error reporting (printing stack bounds), id 0xc0000005]

Native frames: (J=compiled Java code, j=interpreted, Vv=VM code, C=native code)


---------------  P R O C E S S  ---------------

Java Threads: ( => current thread )

Other Threads:

=>0x0000000002700800 (exited) JavaThread "Unknown thread" [_thread_in_vm, id=32292, stack(0x0000000002600000,0x0000000002700000)]

VM state:not at safepoint (normal execution)

VM Mutex/Monitor currently owned by a thread: None

Heap:
 PSYoungGen      total 38400K, used 665K [0x00000000d5f00000, 0x00000000d8980000, 0x0000000100000000)
  eden space 33280K, 2% used [0x00000000d5f00000,0x00000000d5fa6670,0x00000000d7f80000)
  from space 5120K, 0% used [0x00000000d8480000,0x00000000d8480000,0x00000000d8980000)
  to   space 5120K, 0% used [0x00000000d7f80000,0x00000000d7f80000,0x00000000d8480000)
 ParOldGen       total 87552K, used 0K [0x0000000081c00000, 0x0000000087180000, 0x00000000d5f00000)
  object space 87552K, 0% used [0x0000000081c00000,0x0000000081c00000,0x0000000087180000)
 Metaspace       used 770K, capacity 4480K, committed 4480K, reserved 1056768K
  class space    used 75K, capacity 384K, committed 384K, reserved 1048576K

Card table byte_map: [0x0000000011bc0000,0x0000000011fc0000] byte_map_base: 0x00000000117b2000

Marking Bits: (ParMarkBitMap*) 0x000000006c6da6c0
 Begin Bits: [0x0000000012a70000, 0x0000000014a00000)
 End Bits:   [0x0000000014a00000, 0x0000000016990000)

Polling page: 0x00000000009d0000

CodeCache: size=245760Kb used=328Kb max_used=328Kb free=245431Kb
 bounds [0x0000000002800000, 0x0000000002a70000, 0x0000000011800000]
 total_blobs=58 nmethods=0 adapters=38
 compilation: enabled

Compilation events (0 events):
No events

GC Heap History (0 events):
No events

Deoptimization events (0 events):
No events

Internal exceptions (0 events):
No events

Events (10 events):
Event: 0.177 loading class java/lang/Short
Event: 0.177 loading class java/lang/Short done
Event: 0.177 loading class java/lang/Integer
Event: 0.177 loading class java/lang/Integer done
Event: 0.177 loading class java/lang/Long
Event: 0.177 loading class java/lang/Long done
Event: 0.177 loading class java/lang/NullPointerException
Event: 0.177 loading class java/lang/NullPointerException done
Event: 0.177 loading class java/lang/ArithmeticException
Event: 0.177 loading class java/lang/ArithmeticException done


Dynamic libraries:
0x00007ff79b7e0000 - 0x00007ff79b817000 	C:\Program Files\Java\jdk1.8.0_111\bin\java.exe
0x00007ffe206a0000 - 0x00007ffe20890000 	C:\WINDOWS\SYSTEM32\ntdll.dll
0x00007ffe1ed20000 - 0x00007ffe1edd2000 	C:\WINDOWS\System32\KERNEL32.DLL
0x00007ffe1db20000 - 0x00007ffe1ddc3000 	C:\WINDOWS\System32\KERNELBASE.dll
0x00007ffe1e720000 - 0x00007ffe1e7c3000 	C:\WINDOWS\System32\ADVAPI32.dll
0x00007ffe1fd10000 - 0x00007ffe1fdae000 	C:\WINDOWS\System32\msvcrt.dll
0x00007ffe1f140000 - 0x00007ffe1f1d7000 	C:\WINDOWS\System32\sechost.dll
0x00007ffe1fbd0000 - 0x00007ffe1fcf0000 	C:\WINDOWS\System32\RPCRT4.dll
0x00007ffe1ee90000 - 0x00007ffe1f024000 	C:\WINDOWS\System32\USER32.dll
0x00007ffe1d8a0000 - 0x00007ffe1d8c1000 	C:\WINDOWS\System32\win32u.dll
0x00007ffe1fdb0000 - 0x00007ffe1fdd6000 	C:\WINDOWS\System32\GDI32.dll
0x00007ffe1d8d0000 - 0x00007ffe1da64000 	C:\WINDOWS\System32\gdi32full.dll
0x00007ffe1d720000 - 0x00007ffe1d7be000 	C:\WINDOWS\System32\msvcp_win.dll
0x00007ffe1d620000 - 0x00007ffe1d71a000 	C:\WINDOWS\System32\ucrtbase.dll
0x00007ffe11560000 - 0x00007ffe117e5000 	C:\WINDOWS\WinSxS\amd64_microsoft.windows.common-controls_6595b64144ccf1df_6.0.18362.535_none_e6c3b34713100821\COMCTL32.dll
0x00007ffe1e9e0000 - 0x00007ffe1ed16000 	C:\WINDOWS\System32\combase.dll
0x00007ffe1e6a0000 - 0x00007ffe1e720000 	C:\WINDOWS\System32\bcryptPrimitives.dll
0x00007ffe1f110000 - 0x00007ffe1f13e000 	C:\WINDOWS\System32\IMM32.DLL
0x000000006bde0000 - 0x000000006beb2000 	C:\Program Files\Java\jdk1.8.0_111\jre\bin\msvcr100.dll
0x000000006bec0000 - 0x000000006c75a000 	C:\Program Files\Java\jdk1.8.0_111\jre\bin\server\jvm.dll
0x00007ffe1f100000 - 0x00007ffe1f108000 	C:\WINDOWS\System32\PSAPI.DLL
0x00007ffe192e0000 - 0x00007ffe19304000 	C:\WINDOWS\SYSTEM32\WINMM.dll
0x00007ffe178b0000 - 0x00007ffe178ba000 	C:\WINDOWS\SYSTEM32\VERSION.dll
0x00007ffe0ac20000 - 0x00007ffe0ac29000 	C:\WINDOWS\SYSTEM32\WSOCK32.dll
0x00007ffe1f860000 - 0x00007ffe1f8cf000 	C:\WINDOWS\System32\WS2_32.dll
0x00007ffe182a0000 - 0x00007ffe182cd000 	C:\WINDOWS\SYSTEM32\winmmbase.dll
0x00007ffe1d7f0000 - 0x00007ffe1d83a000 	C:\WINDOWS\System32\cfgmgr32.dll
0x000000006d160000 - 0x000000006d16f000 	C:\Program Files\Java\jdk1.8.0_111\jre\bin\verify.dll
0x000000006d130000 - 0x000000006d159000 	C:\Program Files\Java\jdk1.8.0_111\jre\bin\java.dll
0x000000006d110000 - 0x000000006d126000 	C:\Program Files\Java\jdk1.8.0_111\jre\bin\zip.dll

VM Arguments:
jvm_args: -Dfile.encoding=UTF-8 
java_command: Main
java_class_path (initial): C:\Users\USER\Documents\NetBeansProjects\Assignment\build\classes
Launcher Type: SUN_STANDARD

Environment Variables:
PATH=C:\Program Files (x86)\Common Files\Oracle\Java\javapath;C:\ProgramData\Oracle\Java\javapath;C:\WINDOWS\system32;C:\WINDOWS;C:\WINDOWS\System32\Wbem;C:\WINDOWS\System32\WindowsPowerShell\v1.0\;C:\WINDOWS\System32\OpenSSH\;C:\Users\USER\AppData\Local\Microsoft\WindowsApps;
USERNAME=USER
OS=Windows_NT
PROCESSOR_IDENTIFIER=Intel64 Family 6 Model 142 Stepping 10, GenuineIntel



---------------  S Y S T E M  ---------------

OS: Windows 10.0 , 64 bit Build 18362 (10.0.18362.329)

CPU:total 8 (4 cores per cpu, 2 threads per core) family 6 model 142 stepping 10, cmov, cx8, fxsr, mmx, sse, sse2, sse3, ssse3, sse4.1, sse4.2, popcnt, avx, avx2, aes, clmul, erms, 3dnowpref, lzcnt, ht, tsc, tscinvbit, bmi1, bmi2, adx

Memory: 4k page, physical 8272012k(3284140k free), swap 33437836k(5612k free)

vm_info: Java HotSpot(TM) 64-Bit Server VM (25.111-b14) for windows-amd64 JRE (1.8.0_111-b14), built on Sep 22 2016 19:24:05 by "java_re" with MS VC++ 10.0 (VS2010)

time: Wed Aug 26 00:16:16 2020
elapsed time: 0 seconds (0d 0h 0m 0s)

